<?xml version="1.0" encoding="UTF-8"?>
<!-- Generated by org.testng.reporters.JUnitReportReporter -->
<testsuite skipped="0" hostname="Apples-MacBook-Pro-2.local" name="test.java.dart.LoginTest" tests="1" failures="0" timestamp="2022-09-18T23:49:21 IST" time="20.944" errors="0">
  <testcase name="LoginMethodDart" time="20.944" classname="test.java.dart.LoginTest"/>
  <system-out/>
</testsuite> <!-- test.java.dart.LoginTest -->
