<?xml version="1.0" encoding="UTF-8"?>
<!-- Generated by org.testng.reporters.JUnitReportReporter -->
<testsuite skipped="0" hostname="STV-PC-032" name="test.java.dart.LoginTest" tests="1" failures="0" timestamp="2022-09-16T18:25:30 IST" time="36.840" errors="0">
  <testcase name="LoginMethodDart" time="36.840" classname="test.java.dart.LoginTest"/>
  <system-out/>
</testsuite> <!-- test.java.dart.LoginTest -->
