<?xml version="1.0" encoding="UTF-8"?>
<!-- Generated by org.testng.reporters.JUnitReportReporter -->
<testsuite skipped="0" hostname="STV-PC-032" name="test.java.dart.AddNewUserTest" tests="2" failures="0" timestamp="2022-09-16T18:25:30 IST" time="93.671" errors="0">
  <testcase name="LoginMethodDart" time="35.440" classname="test.java.dart.AddNewUserTest"/>
  <system-out/>
  <testcase name="AddNewUserMethod" time="58.231" classname="test.java.dart.AddNewUserTest"/>
  <system-out/>
</testsuite> <!-- test.java.dart.AddNewUserTest -->
